#
# There is insufficient memory for the Java Runtime Environment to continue.
# Native memory allocation (malloc) failed to allocate 1048576 bytes for AllocateHeap
# Possible reasons:
#   The system is out of physical RAM or swap space
#   In 32 bit mode, the process size limit was hit
# Possible solutions:
#   Reduce memory load on the system
#   Increase physical memory or swap space
#   Check if swap backing store is full
#   Use 64 bit Java on a 64 bit OS
#   Decrease Java heap size (-Xmx/-Xms)
#   Decrease number of Java threads
#   Decrease Java thread stack sizes (-Xss)
#   Set larger code cache with -XX:ReservedCodeCacheSize=
# This output file may be truncated or incomplete.
#
#  Out of Memory Error (memory/allocation.inline.hpp:61), pid=17980, tid=0x0000000000004644
#
# JRE version:  (8.0_101-b13) (build )
# Java VM: Java HotSpot(TM) 64-Bit Server VM (25.101-b13 mixed mode windows-amd64 compressed oops)
# Failed to write core dump. Minidumps are not enabled by default on client versions of Windows
#

---------------  T H R E A D  ---------------

Current thread (0x0000000002ab0800):  JavaThread "Unknown thread" [_thread_in_vm, id=17988, stack(0x00000000029b0000,0x0000000002ab0000)]

Stack: [0x00000000029b0000,0x0000000002ab0000]
[error occurred during error reporting (printing stack bounds), id 0xc0000005]

Native frames: (J=compiled Java code, j=interpreted, Vv=VM code, C=native code)


---------------  P R O C E S S  ---------------

Java Threads: ( => current thread )

Other Threads:

=>0x0000000002ab0800 (exited) JavaThread "Unknown thread" [_thread_in_vm, id=17988, stack(0x00000000029b0000,0x0000000002ab0000)]

VM state:not at safepoint (normal execution)

VM Mutex/Monitor currently owned by a thread: None

Heap:
 PSYoungGen      total 76288K, used 1310K [0x000000076b500000, 0x0000000770a00000, 0x00000007c0000000)
  eden space 65536K, 2% used [0x000000076b500000,0x000000076b647af0,0x000000076f500000)
  from space 10752K, 0% used [0x000000076ff80000,0x000000076ff80000,0x0000000770a00000)
  to   space 10752K, 0% used [0x000000076f500000,0x000000076f500000,0x000000076ff80000)
 ParOldGen       total 175104K, used 0K [0x00000006c1e00000, 0x00000006cc900000, 0x000000076b500000)
  object space 175104K, 0% used [0x00000006c1e00000,0x00000006c1e00000,0x00000006cc900000)
 Metaspace       used 746K, capacity 4480K, committed 4480K, reserved 1056768K
  class space    used 75K, capacity 384K, committed 384K, reserved 1048576K

Card table byte_map: [0x0000000011f70000,0x0000000012770000] byte_map_base: 0x000000000e961000

Marking Bits: (ParMarkBitMap*) 0x0000000053a1a6d0
 Begin Bits: [0x00000000130c0000, 0x0000000017048000)
 End Bits:   [0x0000000017048000, 0x000000001afd0000)

Polling page: 0x0000000001070000

CodeCache: size=245760Kb used=328Kb max_used=328Kb free=245431Kb
 bounds [0x0000000002bb0000, 0x0000000002e20000, 0x0000000011bb0000]
 total_blobs=58 nmethods=0 adapters=38
 compilation: enabled

Compilation events (0 events):
No events

GC Heap History (0 events):
No events

Deoptimization events (0 events):
No events

Internal exceptions (0 events):
No events

Events (10 events):
Event: 0.162 loading class java/lang/Short
Event: 0.162 loading class java/lang/Short done
Event: 0.162 loading class java/lang/Integer
Event: 0.163 loading class java/lang/Integer done
Event: 0.163 loading class java/lang/Long
Event: 0.163 loading class java/lang/Long done
Event: 0.163 loading class java/lang/NullPointerException
Event: 0.163 loading class java/lang/NullPointerException done
Event: 0.163 loading class java/lang/ArithmeticException
Event: 0.163 loading class java/lang/ArithmeticException done


Dynamic libraries:
0x00007ff72f740000 - 0x00007ff72f777000 	C:\Program Files\Java\jre1.8.0_101\bin\javaw.exe
0x00007ff8a1660000 - 0x00007ff8a1831000 	C:\WINDOWS\SYSTEM32\ntdll.dll
0x00007ff89fd90000 - 0x00007ff89fe3b000 	C:\WINDOWS\System32\KERNEL32.DLL
0x00007ff89dd30000 - 0x00007ff89df4d000 	C:\WINDOWS\System32\KERNELBASE.dll
0x00007ff89efe0000 - 0x00007ff89f082000 	C:\WINDOWS\System32\ADVAPI32.dll
0x00007ff89f6a0000 - 0x00007ff89f73e000 	C:\WINDOWS\System32\msvcrt.dll
0x00007ff89f090000 - 0x00007ff89f0e9000 	C:\WINDOWS\System32\sechost.dll
0x00007ff89f3c0000 - 0x00007ff89f4e1000 	C:\WINDOWS\System32\RPCRT4.dll
0x00007ff89ec60000 - 0x00007ff89edc5000 	C:\WINDOWS\System32\USER32.dll
0x00007ff89dcb0000 - 0x00007ff89dcce000 	C:\WINDOWS\System32\win32u.dll
0x00007ff89f650000 - 0x00007ff89f684000 	C:\WINDOWS\System32\GDI32.dll
0x00007ff89e220000 - 0x00007ff89e3a2000 	C:\WINDOWS\System32\gdi32full.dll
0x00007ff88e340000 - 0x00007ff88e5b9000 	C:\WINDOWS\WinSxS\amd64_microsoft.windows.common-controls_6595b64144ccf1df_6.0.14393.0_none_2d0f50fcbdb171b8\COMCTL32.dll
0x00007ff89f0f0000 - 0x00007ff89f3b7000 	C:\WINDOWS\System32\combase.dll
0x00007ff89e120000 - 0x00007ff89e215000 	C:\WINDOWS\System32\ucrtbase.dll
0x00007ff89eb80000 - 0x00007ff89ebea000 	C:\WINDOWS\System32\bcryptPrimitives.dll
0x00007ff8a1630000 - 0x00007ff8a165e000 	C:\WINDOWS\System32\IMM32.DLL
0x0000000053040000 - 0x0000000053112000 	C:\Program Files\Java\jre1.8.0_101\bin\msvcr100.dll
0x0000000053200000 - 0x0000000053a9a000 	C:\Program Files\Java\jre1.8.0_101\bin\server\jvm.dll
0x00007ff89eee0000 - 0x00007ff89eee8000 	C:\WINDOWS\System32\PSAPI.DLL
0x00007ff88cd20000 - 0x00007ff88cd29000 	C:\WINDOWS\SYSTEM32\WSOCK32.dll
0x00007ff89b620000 - 0x00007ff89b643000 	C:\WINDOWS\SYSTEM32\WINMM.dll
0x00007ff88f330000 - 0x00007ff88f33a000 	C:\WINDOWS\SYSTEM32\VERSION.dll
0x00007ff89ef50000 - 0x00007ff89efba000 	C:\WINDOWS\System32\WS2_32.dll
0x00007ff89b5f0000 - 0x00007ff89b61b000 	C:\WINDOWS\SYSTEM32\WINMMBASE.dll
0x00007ff89eb30000 - 0x00007ff89eb72000 	C:\WINDOWS\System32\cfgmgr32.dll
0x00000000531f0000 - 0x00000000531ff000 	C:\Program Files\Java\jre1.8.0_101\bin\verify.dll
0x00000000531c0000 - 0x00000000531e9000 	C:\Program Files\Java\jre1.8.0_101\bin\java.dll
0x00000000531a0000 - 0x00000000531b6000 	C:\Program Files\Java\jre1.8.0_101\bin\zip.dll

VM Arguments:
jvm_args: -Dfile.encoding=Cp1252 
java_command: ScrabbleTester
java_class_path (initial): C:\Users\boyda\Desktop\School\Computer Science\AP Computer Science\Scrabble\bin
Launcher Type: SUN_STANDARD

Environment Variables:
PATH=C:/Program Files/Java/jre1.8.0_101/bin/server;C:/Program Files/Java/jre1.8.0_101/bin;C:/Program Files/Java/jre1.8.0_101/lib/amd64;C:\ProgramData\Oracle\Java\javapath;C:\Program Files (x86)\Intel\iCLS Client\;C:\Program Files\Intel\iCLS Client\;C:\WINDOWS\system32;C:\WINDOWS;C:\WINDOWS\System32\Wbem;C:\WINDOWS\System32\WindowsPowerShell\v1.0\;C:\Program Files (x86)\Intel\Intel(R) Management Engine Components\DAL;C:\Program Files\Intel\Intel(R) Management Engine Components\DAL;C:\Program Files (x86)\Intel\Intel(R) Management Engine Components\IPT;C:\Program Files\Intel\Intel(R) Management Engine Components\IPT;C:\Program Files\Intel\WiFi\bin\;C:\Program Files\Common Files\Intel\WirelessCommon\;C:\Users\boyda\AppData\Local\Microsoft\WindowsApps;;C:\WINDOWS\system32;
USERNAME=boyda
OS=Windows_NT
PROCESSOR_IDENTIFIER=Intel64 Family 6 Model 78 Stepping 3, GenuineIntel



---------------  S Y S T E M  ---------------

OS: Windows 10.0 , 64 bit Build 14393 (10.0.14393.0)

CPU:total 4 (2 cores per cpu, 2 threads per core) family 6 model 78 stepping 3, cmov, cx8, fxsr, mmx, sse, sse2, sse3, ssse3, sse4.1, sse4.2, popcnt, avx, avx2, aes, clmul, erms, 3dnowpref, lzcnt, ht, tsc, tscinvbit, bmi1, bmi2, adx

Memory: 4k page, physical 16650528k(7720460k free), swap 46472072k(6972k free)

vm_info: Java HotSpot(TM) 64-Bit Server VM (25.101-b13) for windows-amd64 JRE (1.8.0_101-b13), built on Jun 22 2016 01:21:29 by "java_re" with MS VC++ 10.0 (VS2010)

time: Wed Oct 19 22:53:40 2016
elapsed time: 0 seconds (0d 0h 0m 0s)

